[debug] [2019-04-09T10:17:34.896Z] ----------------------------------------------------------------------
[debug] [2019-04-09T10:17:34.901Z] Command:       C:\Program Files\nodejs\node.exe C:\Users\usuari\AppData\Roaming\npm\node_modules\firebase-tools\lib\bin\firebase.js init
[debug] [2019-04-09T10:17:34.901Z] CLI Version:   6.6.0
[debug] [2019-04-09T10:17:34.901Z] Platform:      win32
[debug] [2019-04-09T10:17:34.902Z] Node Version:  v10.15.3
[debug] [2019-04-09T10:17:34.904Z] Time:          Tue Apr 09 2019 12:17:34 GMT+0200 (GMT+02:00)
[debug] [2019-04-09T10:17:34.905Z] ----------------------------------------------------------------------
[debug] 
[debug] [2019-04-09T10:17:34.916Z] > command requires scopes: ["email","openid","https://www.googleapis.com/auth/cloudplatformprojects.readonly","https://www.googleapis.com/auth/firebase","https://www.googleapis.com/auth/cloud-platform"]
[debug] [2019-04-09T10:17:34.917Z] > authorizing via signed-in user
[info] 
     ######## #### ########  ######## ########     ###     ######  ########
     ##        ##  ##     ## ##       ##     ##  ##   ##  ##       ##
     ######    ##  ########  ######   ########  #########  ######  ######
     ##        ##  ##    ##  ##       ##     ## ##     ##       ## ##
     ##       #### ##     ## ######## ########  ##     ##  ######  ########

You're about to initialize a Firebase project in this directory:

  C:\Users\usuari\Desktop\VUE\my-app\nysl-app

[info] 
=== Project Setup
[info] 
[info] First, let's associate this project directory with a Firebase project.
[info] You can create multiple project aliases by running firebase use --add, 
[info] but for now we'll just set up a default project.
[info] 
[debug] [2019-04-09T10:17:46.567Z] >>> HTTP REQUEST GET https://firebase.googleapis.com/v1beta1/projects?page_size=100  
 
[debug] [2019-04-09T10:17:46.983Z] <<< HTTP RESPONSE 200
[info] i  Using project nysl-app1 (nysl-app)
[info] 
=== Database Setup
[info] 
[info] Firebase Realtime Database Rules allow you to define how your data should be
[info] structured and when your data can be read from and written to.
[info] 
[debug] [2019-04-09T10:18:04.215Z] >>> HTTP REQUEST GET https://nysl-app1.firebaseio.com/.settings/rules.json  
 
[debug] [2019-04-09T10:18:04.949Z] <<< HTTP RESPONSE 200
[info] +  Database Rules for nysl-app1 have been downloaded to database.rules.json.
[info] Future modifications to database.rules.json will update Database Rules when you run
[info] firebase deploy.
[info] 
=== Hosting Setup
[info] 
[info] Your public directory is the folder (relative to your project directory) that
[info] will contain Hosting assets to be uploaded with firebase deploy. If you
[info] have a build process for your assets, use your build's output directory.
[info] 
[debug] [2019-04-09T10:18:13.713Z] >>> HTTP REQUEST GET https://www.gstatic.com/firebasejs/releases.json  
 
[debug] [2019-04-09T10:18:13.821Z] <<< HTTP RESPONSE 200
[debug] [2019-04-09T10:18:13.947Z] Error: ENOENT: no such file or directory, open 'C:\Users\usuari\Desktop\VUE\my-app\nysl-app\dist\index.html'
    at Object.openSync (fs.js:438:3)
    at Object.writeFileSync (fs.js:1189:35)
    at Object.createFileSync (C:\Users\usuari\AppData\Roaming\npm\node_modules\firebase-tools\node_modules\fs-extra\lib\ensure\file.js:34:6)
    at Config.writeProjectFile (C:\Users\usuari\AppData\Roaming\npm\node_modules\firebase-tools\lib\config.js:171:8)
    at C:\Users\usuari\AppData\Roaming\npm\node_modules\firebase-tools\lib\config.js:190:18
    at process._tickCallback (internal/process/next_tick.js:68:7)
[error] 
[error] Error: An unexpected error has occurred.
[debug] [2019-04-09T10:19:00.988Z] ----------------------------------------------------------------------
[debug] [2019-04-09T10:19:00.992Z] Command:       C:\Program Files\nodejs\node.exe C:\Users\usuari\AppData\Roaming\npm\node_modules\firebase-tools\lib\bin\firebase.js init
[debug] [2019-04-09T10:19:00.992Z] CLI Version:   6.6.0
[debug] [2019-04-09T10:19:00.992Z] Platform:      win32
[debug] [2019-04-09T10:19:00.992Z] Node Version:  v10.15.3
[debug] [2019-04-09T10:19:00.996Z] Time:          Tue Apr 09 2019 12:19:00 GMT+0200 (GMT+02:00)
[debug] [2019-04-09T10:19:00.996Z] ----------------------------------------------------------------------
[debug] 
[debug] [2019-04-09T10:19:01.007Z] > command requires scopes: ["email","openid","https://www.googleapis.com/auth/cloudplatformprojects.readonly","https://www.googleapis.com/auth/firebase","https://www.googleapis.com/auth/cloud-platform"]
[debug] [2019-04-09T10:19:01.008Z] > authorizing via signed-in user
[info] 
     ######## #### ########  ######## ########     ###     ######  ########
     ##        ##  ##     ## ##       ##     ##  ##   ##  ##       ##
     ######    ##  ########  ######   ########  #########  ######  ######
     ##        ##  ##    ##  ##       ##     ## ##     ##       ## ##
     ##       #### ##     ## ######## ########  ##     ##  ######  ########

You're about to initialize a Firebase project in this directory:

  C:\Users\usuari\Desktop\VUE\my-app\nysl-app

[info] 
=== Project Setup
[info] 
[info] First, let's associate this project directory with a Firebase project.
[info] You can create multiple project aliases by running firebase use --add, 
[info] but for now we'll just set up a default project.
[info] 
[debug] [2019-04-09T10:19:09.204Z] >>> HTTP REQUEST GET https://firebase.googleapis.com/v1beta1/projects?page_size=100  
 
[debug] [2019-04-09T10:19:09.585Z] <<< HTTP RESPONSE 200
[info] i  Using project nysl-app1 (nysl-app)
[info] 
=== Database Setup
[info] 
[info] Firebase Realtime Database Rules allow you to define how your data should be
[info] structured and when your data can be read from and written to.
[info] 
[debug] [2019-04-09T10:19:36.322Z] >>> HTTP REQUEST GET https://nysl-app1.firebaseio.com/.settings/rules.json  
 
[debug] [2019-04-09T10:19:37.002Z] <<< HTTP RESPONSE 200
[info] +  Database Rules for nysl-app1 have been downloaded to database.rules.json.
[info] Future modifications to database.rules.json will update Database Rules when you run
[info] firebase deploy.
[info] 
=== Hosting Setup
[info] 
[info] Your public directory is the folder (relative to your project directory) that
[info] will contain Hosting assets to be uploaded with firebase deploy. If you
[info] have a build process for your assets, use your build's output directory.
[info] 
[debug] [2019-04-09T10:19:42.772Z] Error: ENOENT: no such file or directory, open 'C:\Users\usuari\Desktop\VUE\my-app\nysl-app\dist\404.html'
    at Object.openSync (fs.js:438:3)
    at Object.writeFileSync (fs.js:1189:35)
    at Object.createFileSync (C:\Users\usuari\AppData\Roaming\npm\node_modules\firebase-tools\node_modules\fs-extra\lib\ensure\file.js:34:6)
    at Config.writeProjectFile (C:\Users\usuari\AppData\Roaming\npm\node_modules\firebase-tools\lib\config.js:171:8)
    at C:\Users\usuari\AppData\Roaming\npm\node_modules\firebase-tools\lib\config.js:190:18
    at process._tickCallback (internal/process/next_tick.js:68:7)
[error] 
[error] Error: An unexpected error has occurred.
